<?xml version="1.0" encoding="UTF-8" ?>
<testsuite tests="3" failures="0" name="POITest" time="1.794" errors="0" skipped="0">
  <properties>
    <property name="idea.version" value="2020.3.4"/>
    <property name="java.runtime.name" value="OpenJDK Runtime Environment"/>
    <property name="sun.boot.library.path" value="C:\Users\86186\.jdks\corretto-1.8.0_332\jre\bin"/>
    <property name="java.vm.version" value="25.332-b08"/>
    <property name="java.vm.vendor" value="Amazon.com Inc."/>
    <property name="maven.multiModuleProjectDirectory" value="E:\workspack\maven\health_parent"/>
    <property name="java.vendor.url" value="https://aws.amazon.com/corretto/"/>
    <property name="path.separator" value=";"/>
    <property name="guice.disable.misplaced.annotation.check" value="true"/>
    <property name="java.vm.name" value="OpenJDK 64-Bit Server VM"/>
    <property name="file.encoding.pkg" value="sun.io"/>
    <property name="user.script" value=""/>
    <property name="user.country" value="CN"/>
    <property name="sun.java.launcher" value="SUN_STANDARD"/>
    <property name="sun.os.patch.level" value=""/>
    <property name="java.vm.specification.name" value="Java Virtual Machine Specification"/>
    <property name="user.dir" value="E:\workspack\maven\health_parent"/>
    <property name="java.runtime.version" value="1.8.0_332-b08"/>
    <property name="java.awt.graphicsenv" value="sun.awt.Win32GraphicsEnvironment"/>
    <property name="java.endorsed.dirs" value="C:\Users\86186\.jdks\corretto-1.8.0_332\jre\lib\endorsed"/>
    <property name="os.arch" value="amd64"/>
    <property name="java.io.tmpdir" value="C:\Users\86186\AppData\Local\Temp\"/>
    <property name="line.separator" value="
"/>
    <property name="java.vm.specification.vendor" value="Oracle Corporation"/>
    <property name="user.variant" value=""/>
    <property name="os.name" value="Windows 10"/>
    <property name="maven.ext.class.path" value="D:\idea\ideaIU-2020.3.4.win\plugins\maven\lib\maven-event-listener.jar"/>
    <property name="classworlds.conf" value="E:\SSM资料\SSM资料\apache-maven-3.6.1-bin\apache-maven-3.6.1\bin\m2.conf"/>
    <property name="sun.jnu.encoding" value="GBK"/>
    <property name="java.library.path" value="C:\Users\86186\.jdks\corretto-1.8.0_332\bin;C:\WINDOWS\Sun\Java\bin;C:\WINDOWS\system32;C:\WINDOWS;F:\Anaconda\anaconda;F:\Anaconda\anaconda\Library\mingw-w64\bin;F:\Anaconda\anaconda\Library\usr\bin;F:\Anaconda\anaconda\Library\bin;F:\Anaconda\anaconda\Scripts;C:\Program Files (x86)\Common Files\Oracle\Java\javapath;C:\Program Files\MySQL\MySQL Server 8.0\bin;C:\Windows\System32;C:\Program Files\NVIDIA Corporation\NVIDIA NvDLISR;E:\SSM资料\SSM资料\apache-maven-3.6.1-bin\apache-maven-3.6.1\bin;F:\nodejs\;D:\python\Scripts\;D:\python\;C:\Users\86186\AppData\Local\Microsoft\WindowsApps;D:\VScode\Microsoft VS Code\bin;C:\Users\86186\AppData\Local\GitHubDesktop\bin;C:\Users\86186\AppData\Local\VanDyke Software\Clients\;C:\Users\86186\AppData\Roaming\npm;."/>
    <property name="maven.conf" value="E:\SSM资料\SSM资料\apache-maven-3.6.1-bin\apache-maven-3.6.1/conf"/>
    <property name="java.specification.name" value="Java Platform API Specification"/>
    <property name="java.class.version" value="52.0"/>
    <property name="sun.management.compiler" value="HotSpot 64-Bit Tiered Compilers"/>
    <property name="maven.repo.local" value="E:\暑期项目\资料-传智健康项目\day01\资源\repository_boot\repository_boot"/>
    <property name="os.version" value="10.0"/>
    <property name="user.home" value="C:\Users\86186"/>
    <property name="user.timezone" value="Asia/Shanghai"/>
    <property name="java.awt.printerjob" value="sun.awt.windows.WPrinterJob"/>
    <property name="java.specification.version" value="1.8"/>
    <property name="file.encoding" value="UTF-8"/>
    <property name="user.name" value="86186"/>
    <property name="java.class.path" value="E:\SSM资料\SSM资料\apache-maven-3.6.1-bin\apache-maven-3.6.1\boot\plexus-classworlds-2.6.0.jar;D:\idea\ideaIU-2020.3.4.win\lib\idea_rt.jar"/>
    <property name="java.vm.specification.version" value="1.8"/>
    <property name="sun.arch.data.model" value="64"/>
    <property name="java.home" value="C:\Users\86186\.jdks\corretto-1.8.0_332\jre"/>
    <property name="sun.java.command" value="org.codehaus.classworlds.Launcher -Didea.version=2020.3.4 -s E:\SSM资料\SSM资料\apache-maven-3.6.1-bin\apache-maven-3.6.1\conf\settings.xml -Dmaven.repo.local=E:\暑期项目\资料-传智健康项目\day01\资源\repository_boot\repository_boot install"/>
    <property name="java.specification.vendor" value="Oracle Corporation"/>
    <property name="user.language" value="zh"/>
    <property name="awt.toolkit" value="sun.awt.windows.WToolkit"/>
    <property name="java.vm.info" value="mixed mode"/>
    <property name="java.version" value="1.8.0_332"/>
    <property name="java.ext.dirs" value="C:\Users\86186\.jdks\corretto-1.8.0_332\jre\lib\ext;C:\WINDOWS\Sun\Java\lib\ext"/>
    <property name="sun.boot.class.path" value="C:\Users\86186\.jdks\corretto-1.8.0_332\jre\lib\resources.jar;C:\Users\86186\.jdks\corretto-1.8.0_332\jre\lib\rt.jar;C:\Users\86186\.jdks\corretto-1.8.0_332\jre\lib\sunrsasign.jar;C:\Users\86186\.jdks\corretto-1.8.0_332\jre\lib\jsse.jar;C:\Users\86186\.jdks\corretto-1.8.0_332\jre\lib\jce.jar;C:\Users\86186\.jdks\corretto-1.8.0_332\jre\lib\charsets.jar;C:\Users\86186\.jdks\corretto-1.8.0_332\jre\lib\jfr.jar;C:\Users\86186\.jdks\corretto-1.8.0_332\jre\classes"/>
    <property name="java.vendor" value="Amazon.com Inc."/>
    <property name="maven.home" value="E:\SSM资料\SSM资料\apache-maven-3.6.1-bin\apache-maven-3.6.1"/>
    <property name="file.separator" value="\"/>
    <property name="java.vendor.url.bug" value="https://github.com/corretto/corretto-8/issues/"/>
    <property name="sun.cpu.endian" value="little"/>
    <property name="sun.io.unicode.encoding" value="UnicodeLittle"/>
    <property name="sun.desktop" value="windows"/>
    <property name="sun.cpu.isalist" value="amd64"/>
  </properties>
  <testcase classname="POITest" name="test_1" time="1.473"/>
  <testcase classname="POITest" name="test_2" time="0.036"/>
  <testcase classname="POITest" name="test_3" time="0.285"/>
</testsuite>